

Last Sync: 24-11-2018 @ 17:2:39
{"_id":"p0JIy","username":"test","todo":"The lion of the trib of Judia is my dad ","isDone":false,"hasAttachment":false,"__v":0}
CastError: Cast to ObjectId failed for value "p0JIy" at path "_id" for model "Todos"

Last Sync: 24-11-2018 @ 17:2:39
{}
Error: Argument passed in must be a single String of 12 bytes or a string of 24 hex characters

Last Sync: 24-11-2018 @ 17:2:39
{"_id":"dfsdvsddsvd"}
CastError: Cast to ObjectId failed for value "dfsdvsddsvd" at path "_id" for model "Todos"

Last Sync: 24-11-2018 @ 11:4:24
{"_id":"YpLWb","username":"test","todo":"The lion of the trib of Judia is my dad ","isDone":false,"hasAttachment":false,"__v":0}
CastError: Cast to ObjectId failed for value "YpLWb" at path "_id" for model "Todos"

Last Sync: 24-11-2018 @ 11:4:24
{}
Error: Argument passed in must be a single String of 12 bytes or a string of 24 hex characters

Last Sync: 24-11-2018 @ 11:4:24
{"_id":"dfsdvsddsvd"}
CastError: Cast to ObjectId failed for value "dfsdvsddsvd" at path "_id" for model "Todos"

Last Sync: 24-11-2018 @ 11:5:24
{"_id":"T0eiG","username":"test","todo":"The lion of the trib of Judia is my dad ","isDone":false,"hasAttachment":false,"__v":0}
CastError: Cast to ObjectId failed for value "T0eiG" at path "_id" for model "Todos"

Last Sync: 24-11-2018 @ 11:5:24
{}
Error: Argument passed in must be a single String of 12 bytes or a string of 24 hex characters

Last Sync: 24-11-2018 @ 11:5:24
{"_id":"dfsdvsddsvd"}
CastError: Cast to ObjectId failed for value "dfsdvsddsvd" at path "_id" for model "Todos"

Last Sync: 24-11-2018 @ 17:6:14
{"_id":"TCocR","username":"test","todo":"The lion of the trib of Judia is my dad ","isDone":false,"hasAttachment":false,"__v":0}
CastError: Cast to ObjectId failed for value "TCocR" at path "_id" for model "Todos"

Last Sync: 24-11-2018 @ 17:6:14
{}
Error: Argument passed in must be a single String of 12 bytes or a string of 24 hex characters

Last Sync: 24-11-2018 @ 17:6:14
{"_id":"dfsdvsddsvd"}
CastError: Cast to ObjectId failed for value "dfsdvsddsvd" at path "_id" for model "Todos"

Last Sync: 24-11-2018 @ 17:6:35
{"_id":"tBOfZ","username":"test","todo":"The lion of the trib of Judia is my dad ","isDone":false,"hasAttachment":false,"__v":0}
CastError: Cast to ObjectId failed for value "tBOfZ" at path "_id" for model "Todos"

Last Sync: 24-11-2018 @ 17:6:35
{}
Error: Argument passed in must be a single String of 12 bytes or a string of 24 hex characters

Last Sync: 24-11-2018 @ 17:6:35
{"_id":"dfsdvsddsvd"}
CastError: Cast to ObjectId failed for value "dfsdvsddsvd" at path "_id" for model "Todos"

Last Sync: 24-11-2018 @ 17:12:24
{"_id":"gH6wr","username":"test","todo":"The lion of the trib of Judia is my dad ","isDone":false,"hasAttachment":false,"__v":0}
CastError: Cast to ObjectId failed for value "gH6wr" at path "_id" for model "Todos"

Last Sync: 24-11-2018 @ 17:12:24
{}
Error: Argument passed in must be a single String of 12 bytes or a string of 24 hex characters

Last Sync: 24-11-2018 @ 17:12:24
{"_id":"dfsdvsddsvd"}
CastError: Cast to ObjectId failed for value "dfsdvsddsvd" at path "_id" for model "Todos"

Last Sync: 24-11-2018 @ 18:52:53
{"id":"5bf9cccbed8ecc1419f11dfa","username":"test","todo":"The king of sdds the jungle","hasAttachment":false}
isDoneis Undefined

Last Sync: 24-11-2018 @ 18:55:38
{"id":"5bf9cccbed8ecc1419f11dfa","username":"test","todo":"The king of sdds the jungle","hasAttachment":false}
isDoneis Undefined

Last Sync: 24-11-2018 @ 19:45:14
{"username":"test","todo":"The lion of the trib of Judia is my dad ","isDone":false,"hasAttachment":false}
ParallelSaveError: Can't save() the same doc multiple times in parallel. Document: 5bf9f09b5367ec169229e36b

Last Sync: 24-11-2018 @ 19:45:14
{"username":"test","todo":"The lion of the trib of Judia is my dad ","isDone":false,"hasAttachment":false}
ParallelSaveError: Can't save() the same doc multiple times in parallel. Document: 5bf9f09b5367ec169229e36b

Last Sync: 24-11-2018 @ 19:45:14
{"username":"test","todo":"The lion of the trib of Judia is my dad ","isDone":false,"hasAttachment":false}
ParallelSaveError: Can't save() the same doc multiple times in parallel. Document: 5bf9f09b5367ec169229e36b

Last Sync: 24-11-2018 @ 19:45:14
{}
username is Undefined

Last Sync: 24-11-2018 @ 19:45:14
{}
todo is Undefined

Last Sync: 24-11-2018 @ 19:47:22
{}
Error: Argument passed in must be a single String of 12 bytes or a string of 24 hex characters

Last Sync: 24-11-2018 @ 19:47:22
{"_id":"dfsdvsddsvd"}
CastError: Cast to ObjectId failed for value "dfsdvsddsvd" at path "_id" for model "Todos"

Last Sync: 24-11-2018 @ 19:47:22
{}
username is Undefined

Last Sync: 24-11-2018 @ 19:47:22
{}
todo is Undefined

Last Sync: 24-11-2018 @ 19:52:33
{}
Error: Argument passed in must be a single String of 12 bytes or a string of 24 hex characters

Last Sync: 24-11-2018 @ 19:52:33
{"_id":"dfsdvsddsvd"}
CastError: Cast to ObjectId failed for value "dfsdvsddsvd" at path "_id" for model "Todos"

Last Sync: 24-11-2018 @ 19:52:33
{}
username is Undefined

Last Sync: 24-11-2018 @ 19:52:33
{}
todo is Undefined

Last Sync: 24-11-2018 @ 19:57:8
{"_id":"BXE4P","username":"test","todo":"The lion of the trib of Judia is my dad ","isDone":false,"hasAttachment":false,"__v":0}
CastError: Cast to ObjectId failed for value "BXE4P" at path "_id" for model "Todos"

Last Sync: 24-11-2018 @ 19:57:8
{}
Error: Argument passed in must be a single String of 12 bytes or a string of 24 hex characters

Last Sync: 24-11-2018 @ 19:57:8
{"_id":"dfsdvsddsvd"}
CastError: Cast to ObjectId failed for value "dfsdvsddsvd" at path "_id" for model "Todos"

Last Sync: 24-11-2018 @ 19:57:8
{}
username is Undefined

Last Sync: 24-11-2018 @ 19:57:8
{}
todo is Undefined

Last Sync: 24-11-2018 @ 20:1:28
{"_id":"njug5","username":"test","todo":"The lion of the trib of Judia is my dad ","isDone":false,"hasAttachment":false,"__v":0}
CastError: Cast to ObjectId failed for value "njug5" at path "_id" for model "Todos"

Last Sync: 24-11-2018 @ 20:1:28
{}
Error: Argument passed in must be a single String of 12 bytes or a string of 24 hex characters

Last Sync: 24-11-2018 @ 20:1:28
{"_id":"dfsdvsddsvd"}
CastError: Cast to ObjectId failed for value "dfsdvsddsvd" at path "_id" for model "Todos"

Last Sync: 24-11-2018 @ 20:1:28
{}
username is Undefined

Last Sync: 24-11-2018 @ 20:1:28
{}
todo is Undefined

Last Sync: 24-11-2018 @ 20:5:16
{"_id":"YNaAk","username":"test","todo":"The lion of the trib of Judia is my dad ","isDone":false,"hasAttachment":false,"__v":0}
CastError: Cast to ObjectId failed for value "YNaAk" at path "_id" for model "Todos"

Last Sync: 24-11-2018 @ 20:5:16
{}
Error: Argument passed in must be a single String of 12 bytes or a string of 24 hex characters

Last Sync: 24-11-2018 @ 20:5:16
{"_id":"dfsdvsddsvd"}
CastError: Cast to ObjectId failed for value "dfsdvsddsvd" at path "_id" for model "Todos"

Last Sync: 24-11-2018 @ 20:5:16
{}
username is Undefined

Last Sync: 24-11-2018 @ 20:5:16
{}
todo is Undefined

Last Sync: 24-11-2018 @ 20:10:44
{"_id":"GEkIB","username":"test","todo":"The lion of the trib of Judia is my dad ","isDone":false,"hasAttachment":false,"__v":0}
CastError: Cast to ObjectId failed for value "GEkIB" at path "_id" for model "Todos"

Last Sync: 24-11-2018 @ 20:10:44
{}
Error: Argument passed in must be a single String of 12 bytes or a string of 24 hex characters

Last Sync: 24-11-2018 @ 20:10:44
{"_id":"dfsdvsddsvd"}
CastError: Cast to ObjectId failed for value "dfsdvsddsvd" at path "_id" for model "Todos"

Last Sync: 24-11-2018 @ 20:10:44
{}
username is Undefined

Last Sync: 24-11-2018 @ 20:10:44
{}
todo is Undefined

Last Sync: 24-11-2018 @ 20:13:5
{"_id":"rOEqe","username":"test","todo":"The lion of the trib of Judia is my dad ","isDone":false,"hasAttachment":false,"__v":0}
CastError: Cast to ObjectId failed for value "rOEqe" at path "_id" for model "Todos"

Last Sync: 24-11-2018 @ 20:13:5
{"_id":"dfsdvsddsvd"}
CastError: Cast to ObjectId failed for value "dfsdvsddsvd" at path "_id" for model "Todos"

Last Sync: 24-11-2018 @ 20:13:5
{}
username is Undefined

Last Sync: 24-11-2018 @ 20:13:5
{}
todo is Undefined

Last Sync: 24-11-2018 @ 20:13:50
{"_id":"mlob6","username":"test","todo":"The lion of the trib of Judia is my dad ","isDone":false,"hasAttachment":false,"__v":0}
CastError: Cast to ObjectId failed for value "mlob6" at path "_id" for model "Todos"

Last Sync: 24-11-2018 @ 20:13:50
{"_id":"dfsdvsddsvd"}
CastError: Cast to ObjectId failed for value "dfsdvsddsvd" at path "_id" for model "Todos"

Last Sync: 24-11-2018 @ 20:13:50
{}
username is Undefined

Last Sync: 24-11-2018 @ 20:13:50
{}
todo is Undefined

Last Sync: 24-11-2018 @ 20:15:9
{"_id":"7QZea","username":"test","todo":"The lion of the trib of Judia is my dad ","isDone":false,"hasAttachment":false,"__v":0}
CastError: Cast to ObjectId failed for value "7QZea" at path "_id" for model "Todos"

Last Sync: 24-11-2018 @ 20:15:9
{"_id":"dfsdvsddsvd"}
CastError: Cast to ObjectId failed for value "dfsdvsddsvd" at path "_id" for model "Todos"

Last Sync: 24-11-2018 @ 20:15:9
{}
username is Undefined

Last Sync: 24-11-2018 @ 20:15:9
{}
todo is Undefined

Last Sync: 24-11-2018 @ 20:16:7
{"_id":"fTJna","username":"test","todo":"The lion of the trib of Judia is my dad ","isDone":false,"hasAttachment":false,"__v":0}
CastError: Cast to ObjectId failed for value "fTJna" at path "_id" for model "Todos"

Last Sync: 24-11-2018 @ 20:16:7
{"_id":"dfsdvsddsvd"}
CastError: Cast to ObjectId failed for value "dfsdvsddsvd" at path "_id" for model "Todos"

Last Sync: 24-11-2018 @ 20:16:7
{}
username is Undefined

Last Sync: 24-11-2018 @ 20:16:7
{}
todo is Undefined

Last Sync: 24-11-2018 @ 20:17:13
{"_id":"AuYI2","username":"test","todo":"The lion of the trib of Judia is my dad ","isDone":false,"hasAttachment":false,"__v":0}
CastError: Cast to ObjectId failed for value "AuYI2" at path "_id" for model "Todos"

Last Sync: 24-11-2018 @ 20:17:13
{"_id":"dfsdvsddsvd"}
CastError: Cast to ObjectId failed for value "dfsdvsddsvd" at path "_id" for model "Todos"

Last Sync: 24-11-2018 @ 20:17:13
{}
username is Undefined

Last Sync: 24-11-2018 @ 20:17:13
{}
todo is Undefined

Last Sync: 24-11-2018 @ 20:19:6
{"_id":"fNCe3","username":"test","todo":"The lion of the trib of Judia is my dad ","isDone":false,"hasAttachment":false,"__v":0}
CastError: Cast to ObjectId failed for value "fNCe3" at path "_id" for model "Todos"

Last Sync: 24-11-2018 @ 20:19:6
{"_id":"dfsdvsddsvd"}
CastError: Cast to ObjectId failed for value "dfsdvsddsvd" at path "_id" for model "Todos"

Last Sync: 24-11-2018 @ 20:19:6
{}
username is Undefined

Last Sync: 24-11-2018 @ 20:19:6
{}
todo is Undefined

Last Sync: 24-11-2018 @ 20:19:24
{"_id":"YnyRF","username":"test","todo":"The lion of the trib of Judia is my dad ","isDone":false,"hasAttachment":false,"__v":0}
CastError: Cast to ObjectId failed for value "YnyRF" at path "_id" for model "Todos"

Last Sync: 24-11-2018 @ 20:19:24
{"_id":"dfsdvsddsvd"}
CastError: Cast to ObjectId failed for value "dfsdvsddsvd" at path "_id" for model "Todos"

Last Sync: 24-11-2018 @ 20:19:24
{}
username is Undefined

Last Sync: 24-11-2018 @ 20:19:24
{}
todo is Undefined

Last Sync: 24-11-2018 @ 20:20:0
{"_id":"3442j","username":"test","todo":"The lion of the trib of Judia is my dad ","isDone":false,"hasAttachment":false,"__v":0}
CastError: Cast to ObjectId failed for value "3442j" at path "_id" for model "Todos"

Last Sync: 24-11-2018 @ 20:20:0
{"_id":"dfsdvsddsvd"}
CastError: Cast to ObjectId failed for value "dfsdvsddsvd" at path "_id" for model "Todos"

Last Sync: 24-11-2018 @ 20:20:0
{}
username is Undefined

Last Sync: 24-11-2018 @ 20:20:0
{}
todo is Undefined

Last Sync: 24-11-2018 @ 20:24:29
{"_id":"wqGKo","username":"test","todo":"The lion of the trib of Judia is my dad ","isDone":false,"hasAttachment":false,"__v":0}
CastError: Cast to ObjectId failed for value "wqGKo" at path "_id" for model "Todos"

Last Sync: 24-11-2018 @ 20:24:29
{"_id":"dfsdvsddsvd"}
CastError: Cast to ObjectId failed for value "dfsdvsddsvd" at path "_id" for model "Todos"

Last Sync: 24-11-2018 @ 20:24:29
{}
username is Undefined

Last Sync: 24-11-2018 @ 20:24:29
{}
todo is Undefined

Last Sync: 24-11-2018 @ 20:24:51
{"_id":"Kh8AV","username":"test","todo":"The lion of the trib of Judia is my dad ","isDone":false,"hasAttachment":false,"__v":0}
CastError: Cast to ObjectId failed for value "Kh8AV" at path "_id" for model "Todos"

Last Sync: 24-11-2018 @ 20:24:51
{"_id":"dfsdvsddsvd"}
CastError: Cast to ObjectId failed for value "dfsdvsddsvd" at path "_id" for model "Todos"

Last Sync: 24-11-2018 @ 20:24:51
{}
username is Undefined

Last Sync: 24-11-2018 @ 20:24:51
{}
todo is Undefined

Last Sync: 24-11-2018 @ 20:27:9
{"_id":"zcMB9","username":"test","todo":"The lion of the trib of Judia is my dad ","isDone":false,"hasAttachment":false,"__v":0}
CastError: Cast to ObjectId failed for value "zcMB9" at path "_id" for model "Todos"

Last Sync: 24-11-2018 @ 20:27:9
{"_id":"dfsdvsddsvd"}
CastError: Cast to ObjectId failed for value "dfsdvsddsvd" at path "_id" for model "Todos"

Last Sync: 24-11-2018 @ 20:27:9
{}
username is Undefined

Last Sync: 24-11-2018 @ 20:27:9
{}
todo is Undefined

Last Sync: 24-11-2018 @ 20:27:37
{"_id":"9T6Ij","username":"test","todo":"The lion of the trib of Judia is my dad ","isDone":false,"hasAttachment":false,"__v":0}
CastError: Cast to ObjectId failed for value "9T6Ij" at path "_id" for model "Todos"

Last Sync: 24-11-2018 @ 20:27:37
{"_id":"dfsdvsddsvd"}
CastError: Cast to ObjectId failed for value "dfsdvsddsvd" at path "_id" for model "Todos"

Last Sync: 24-11-2018 @ 20:27:37
{}
username is Undefined

Last Sync: 24-11-2018 @ 20:27:37
{}
todo is Undefined

Last Sync: 24-11-2018 @ 20:30:8
{"_id":"XtwBj","username":"test","todo":"The lion of the trib of Judia is my dad ","isDone":false,"hasAttachment":false,"__v":0}
CastError: Cast to ObjectId failed for value "XtwBj" at path "_id" for model "Todos"

Last Sync: 24-11-2018 @ 20:30:8
{}
no todo found for user 

Last Sync: 24-11-2018 @ 20:30:8
{}
Error: Argument passed in must be a single String of 12 bytes or a string of 24 hex characters

Last Sync: 24-11-2018 @ 20:30:8
{"_id":"dfsdvsddsvd"}
CastError: Cast to ObjectId failed for value "dfsdvsddsvd" at path "_id" for model "Todos"

Last Sync: 24-11-2018 @ 20:30:8
{}
username is Undefined

Last Sync: 24-11-2018 @ 20:30:8
{}
todo is Undefined

Last Sync: 24-11-2018 @ 20:31:34
{"_id":"JorXN","username":"test","todo":"The lion of the trib of Judia is my dad ","isDone":false,"hasAttachment":false,"__v":0}
CastError: Cast to ObjectId failed for value "JorXN" at path "_id" for model "Todos"

Last Sync: 24-11-2018 @ 20:31:34
{}
no todo found for user 

Last Sync: 24-11-2018 @ 20:31:34
{}
Error: Argument passed in must be a single String of 12 bytes or a string of 24 hex characters

Last Sync: 24-11-2018 @ 20:31:34
{"_id":"dfsdvsddsvd"}
CastError: Cast to ObjectId failed for value "dfsdvsddsvd" at path "_id" for model "Todos"

Last Sync: 24-11-2018 @ 20:31:34
{}
username is Undefined

Last Sync: 24-11-2018 @ 20:31:34
{}
todo is Undefined

Last Sync: 24-11-2018 @ 20:33:35
{"_id":"9KvNF","username":"test","todo":"The lion of the trib of Judia is my dad ","isDone":false,"hasAttachment":false,"__v":0}
CastError: Cast to ObjectId failed for value "9KvNF" at path "_id" for model "Todos"

Last Sync: 24-11-2018 @ 20:33:35
{}
no todo found for user 

Last Sync: 24-11-2018 @ 20:33:35
{}
Error: Argument passed in must be a single String of 12 bytes or a string of 24 hex characters

Last Sync: 24-11-2018 @ 20:33:35
{"_id":"dfsdvsddsvd"}
CastError: Cast to ObjectId failed for value "dfsdvsddsvd" at path "_id" for model "Todos"

Last Sync: 24-11-2018 @ 20:33:35
{}
username is Undefined

Last Sync: 24-11-2018 @ 20:33:35
{}
todo is Undefined

Last Sync: 24-11-2018 @ 20:34:34
{"_id":"rNkgK","username":"test","todo":"The lion of the trib of Judia is my dad ","isDone":false,"hasAttachment":false,"__v":0}
CastError: Cast to ObjectId failed for value "rNkgK" at path "_id" for model "Todos"

Last Sync: 24-11-2018 @ 20:34:34
{}
no todo found for user 

Last Sync: 24-11-2018 @ 20:34:34
{}
Error: Argument passed in must be a single String of 12 bytes or a string of 24 hex characters

Last Sync: 24-11-2018 @ 20:34:34
{"_id":"dfsdvsddsvd"}
CastError: Cast to ObjectId failed for value "dfsdvsddsvd" at path "_id" for model "Todos"

Last Sync: 24-11-2018 @ 20:34:34
{}
username is Undefined

Last Sync: 24-11-2018 @ 20:34:34
{}
todo is Undefined

Last Sync: 24-11-2018 @ 20:35:55
{"_id":"mnjUg","username":"test","todo":"The lion of the trib of Judia is my dad ","isDone":false,"hasAttachment":false,"__v":0}
CastError: Cast to ObjectId failed for value "mnjUg" at path "_id" for model "Todos"

Last Sync: 24-11-2018 @ 20:35:55
{}
no todo found for user 

Last Sync: 24-11-2018 @ 20:35:55
{}
Error: Argument passed in must be a single String of 12 bytes or a string of 24 hex characters

Last Sync: 24-11-2018 @ 20:35:55
{"_id":"dfsdvsddsvd"}
CastError: Cast to ObjectId failed for value "dfsdvsddsvd" at path "_id" for model "Todos"

Last Sync: 24-11-2018 @ 20:35:55
{}
username is Undefined

Last Sync: 24-11-2018 @ 20:35:55
{}
todo is Undefined

Last Sync: 24-11-2018 @ 20:40:2
{}
no todo found for user 

Last Sync: 24-11-2018 @ 20:40:2
{}
username is Undefined

Last Sync: 24-11-2018 @ 20:40:2
{}
todo is Undefined

Last Sync: 24-11-2018 @ 20:40:37
{}
no todo found for user 

Last Sync: 24-11-2018 @ 20:40:37
{}
username is Undefined

Last Sync: 24-11-2018 @ 20:40:37
{}
todo is Undefined

Last Sync: 24-11-2018 @ 20:41:28
{}
no todo found for user 

Last Sync: 24-11-2018 @ 20:41:28
{}
username is Undefined

Last Sync: 24-11-2018 @ 20:41:28
{}
todo is Undefined

Last Sync: 24-11-2018 @ 20:42:22
{"_id":"YTD9o","username":"test","todo":"The lion of the trib of Judia is my dad ","isDone":false,"hasAttachment":false,"__v":0}
CastError: Cast to ObjectId failed for value "YTD9o" at path "_id" for model "Todos"

Last Sync: 24-11-2018 @ 20:42:22
{}
no todo found for user 

Last Sync: 24-11-2018 @ 20:42:22
{}
Error: Argument passed in must be a single String of 12 bytes or a string of 24 hex characters

Last Sync: 24-11-2018 @ 20:42:22
{"_id":"dfsdvsddsvd"}
CastError: Cast to ObjectId failed for value "dfsdvsddsvd" at path "_id" for model "Todos"

Last Sync: 24-11-2018 @ 20:42:22
{}
username is Undefined

Last Sync: 24-11-2018 @ 20:42:22
{}
todo is Undefined

Last Sync: 24-11-2018 @ 20:43:35
{"_id":"BPj7d","username":"test","todo":"The lion of the trib of Judia is my dad ","isDone":false,"hasAttachment":false,"__v":0}
CastError: Cast to ObjectId failed for value "BPj7d" at path "_id" for model "Todos"

Last Sync: 24-11-2018 @ 20:43:35
{}
no todo found for user 

Last Sync: 24-11-2018 @ 20:43:35
{}
Error: Argument passed in must be a single String of 12 bytes or a string of 24 hex characters

Last Sync: 24-11-2018 @ 20:43:35
{"_id":"dfsdvsddsvd"}
CastError: Cast to ObjectId failed for value "dfsdvsddsvd" at path "_id" for model "Todos"

Last Sync: 24-11-2018 @ 20:43:35
{}
username is Undefined

Last Sync: 24-11-2018 @ 20:43:35
{}
todo is Undefined

Last Sync: 24-11-2018 @ 20:47:11
{"_id":"EwGRl","username":"test","todo":"The lion of the trib of Judia is my dad ","isDone":false,"hasAttachment":false,"__v":0}
CastError: Cast to ObjectId failed for value "EwGRl" at path "_id" for model "Todos"

Last Sync: 24-11-2018 @ 20:47:11
{}
no todo found for user 

Last Sync: 24-11-2018 @ 20:47:11
{}
Error: Argument passed in must be a single String of 12 bytes or a string of 24 hex characters

Last Sync: 24-11-2018 @ 20:47:11
{"_id":"dfsdvsddsvd"}
CastError: Cast to ObjectId failed for value "dfsdvsddsvd" at path "_id" for model "Todos"

Last Sync: 24-11-2018 @ 20:47:11
{}
hasAttachment is Undefined

Last Sync: 24-11-2018 @ 20:48:0
{"_id":"ESgCM","username":"test","todo":"The lion of the trib of Judia is my dad ","isDone":false,"hasAttachment":false,"__v":0}
CastError: Cast to ObjectId failed for value "ESgCM" at path "_id" for model "Todos"

Last Sync: 24-11-2018 @ 20:48:0
{}
no todo found for user 

Last Sync: 24-11-2018 @ 20:48:0
{}
Error: Argument passed in must be a single String of 12 bytes or a string of 24 hex characters

Last Sync: 24-11-2018 @ 20:48:0
{"_id":"dfsdvsddsvd"}
CastError: Cast to ObjectId failed for value "dfsdvsddsvd" at path "_id" for model "Todos"

Last Sync: 24-11-2018 @ 20:48:0
{}
hasAttachment is Undefined

Last Sync: 24-11-2018 @ 20:51:40
{}
no todo found for user 

Last Sync: 24-11-2018 @ 20:51:40
{}
Error: Argument passed in must be a single String of 12 bytes or a string of 24 hex characters

Last Sync: 24-11-2018 @ 20:51:40
{"_id":"dfsdvsddsvd"}
CastError: Cast to ObjectId failed for value "dfsdvsddsvd" at path "_id" for model "Todos"

Last Sync: 24-11-2018 @ 20:51:40
{}
hasAttachment is Undefined

Last Sync: 24-11-2018 @ 20:53:52
{"_id":"5bfa00b18d76ad17c3bd774c","username":"test","todo":"4rYe6","isDone":false,"hasAttachment":false,"__v":0}
ObjectParameterError: Parameter "filter" to update() must be an object, got 5bfa00b18d76ad17c3bd774c

Last Sync: 24-11-2018 @ 20:53:52
{"_id":"dZJN2","username":"test","todo":"4rYe6","isDone":false,"hasAttachment":false,"__v":0}
ObjectParameterError: Parameter "filter" to update() must be an object, got dZJN2

Last Sync: 24-11-2018 @ 20:53:52
{}
no todo found for user 

Last Sync: 24-11-2018 @ 20:53:52
{}
Error: Argument passed in must be a single String of 12 bytes or a string of 24 hex characters

Last Sync: 24-11-2018 @ 20:53:52
{"_id":"dfsdvsddsvd"}
CastError: Cast to ObjectId failed for value "dfsdvsddsvd" at path "_id" for model "Todos"

Last Sync: 24-11-2018 @ 20:53:52
{}
hasAttachment is Undefined

Last Sync: 24-11-2018 @ 20:54:45
{}
no todo found for user 

Last Sync: 24-11-2018 @ 20:54:45
{}
Error: Argument passed in must be a single String of 12 bytes or a string of 24 hex characters

Last Sync: 24-11-2018 @ 20:54:45
{"_id":"dfsdvsddsvd"}
CastError: Cast to ObjectId failed for value "dfsdvsddsvd" at path "_id" for model "Todos"

Last Sync: 24-11-2018 @ 20:54:45
{}
hasAttachment is Undefined

Last Sync: 24-11-2018 @ 20:56:14
{}
no todo found for user 

Last Sync: 24-11-2018 @ 20:56:14
{}
Error: Argument passed in must be a single String of 12 bytes or a string of 24 hex characters

Last Sync: 24-11-2018 @ 20:56:14
{"_id":"dfsdvsddsvd"}
CastError: Cast to ObjectId failed for value "dfsdvsddsvd" at path "_id" for model "Todos"

Last Sync: 24-11-2018 @ 20:56:14
{}
hasAttachment is Undefined

Last Sync: 24-11-2018 @ 20:59:37
{}
no todo found for user 

Last Sync: 24-11-2018 @ 20:59:37
{}
Error: Argument passed in must be a single String of 12 bytes or a string of 24 hex characters

Last Sync: 24-11-2018 @ 20:59:37
{"_id":"dfsdvsddsvd"}
CastError: Cast to ObjectId failed for value "dfsdvsddsvd" at path "_id" for model "Todos"

Last Sync: 24-11-2018 @ 20:59:37
{}
hasAttachment is Undefined

Last Sync: 24-11-2018 @ 21:0:48
{}
no todo found for user 

Last Sync: 24-11-2018 @ 21:0:48
{}
Error: Argument passed in must be a single String of 12 bytes or a string of 24 hex characters

Last Sync: 24-11-2018 @ 21:0:48
{"_id":"dfsdvsddsvd"}
CastError: Cast to ObjectId failed for value "dfsdvsddsvd" at path "_id" for model "Todos"

Last Sync: 24-11-2018 @ 21:0:48
{}
hasAttachment is Undefined

Last Sync: 24-11-2018 @ 21:1:21
{"_id":"vF2L6","username":"test","todo":"The lion of the trib of Judia is my dad ","isDone":false,"hasAttachment":false,"__v":0}
CastError: Cast to ObjectId failed for value "vF2L6" at path "_id" for model "Todos"

Last Sync: 24-11-2018 @ 21:1:21
{}
no todo found for user 

Last Sync: 24-11-2018 @ 21:1:21
{}
Error: Argument passed in must be a single String of 12 bytes or a string of 24 hex characters

Last Sync: 24-11-2018 @ 21:1:21
{"_id":"dfsdvsddsvd"}
CastError: Cast to ObjectId failed for value "dfsdvsddsvd" at path "_id" for model "Todos"

Last Sync: 24-11-2018 @ 21:1:21
{}
hasAttachment is Undefined

Last Sync: 24-11-2018 @ 21:6:38
{"_id":"Nn28V","username":"test","todo":"The lion of the trib of Judia is my dad ","isDone":false,"hasAttachment":false,"__v":0}
CastError: Cast to ObjectId failed for value "Nn28V" at path "_id" for model "Todos"

Last Sync: 24-11-2018 @ 21:6:38
{"username":"test","isDone":false,"hasAttachment":false}
hasAttachmentis Undefined

Last Sync: 24-11-2018 @ 21:6:38
{}
no todo found for user 

Last Sync: 24-11-2018 @ 21:6:38
{}
Error: Argument passed in must be a single String of 12 bytes or a string of 24 hex characters

Last Sync: 24-11-2018 @ 21:6:38
{"_id":"dfsdvsddsvd"}
CastError: Cast to ObjectId failed for value "dfsdvsddsvd" at path "_id" for model "Todos"

Last Sync: 24-11-2018 @ 21:6:38
{}
hasAttachment is Undefined

Last Sync: 24-11-2018 @ 21:7:13
{"_id":"rwW5x","username":"test","todo":"The lion of the trib of Judia is my dad ","isDone":false,"hasAttachment":false,"__v":0}
CastError: Cast to ObjectId failed for value "rwW5x" at path "_id" for model "Todos"

Last Sync: 24-11-2018 @ 21:7:13
{"username":"test","isDone":false,"hasAttachment":false}
hasAttachmentis Undefined

Last Sync: 24-11-2018 @ 21:7:13
{}
no todo found for user 

Last Sync: 24-11-2018 @ 21:7:13
{}
Error: Argument passed in must be a single String of 12 bytes or a string of 24 hex characters

Last Sync: 24-11-2018 @ 21:7:13
{"_id":"dfsdvsddsvd"}
CastError: Cast to ObjectId failed for value "dfsdvsddsvd" at path "_id" for model "Todos"

Last Sync: 24-11-2018 @ 21:7:13
{}
hasAttachment is Undefined