

Last Sync: 24/11/2018 @ 6:27:52
[object Object]
CastError: Cast to ObjectId failed for value "VnxrT" at path "_id" for model "Todos"

Last Sync: 24/11/2018 @ 6:27:52
[object Object]
Error: Argument passed in must be a single String of 12 bytes or a string of 24 hex characters

Last Sync: 24/11/2018 @ 6:27:52
[object Object]
CastError: Cast to ObjectId failed for value "dfsdvsddsvd" at path "_id" for model "Todos"

Last Sync: 24/11/2018 @ 6:30:39
[object Object]
CastError: Cast to ObjectId failed for value "J3RyQ" at path "_id" for model "Todos"

Last Sync: 24/11/2018 @ 6:30:39
[object Object]
Error: Argument passed in must be a single String of 12 bytes or a string of 24 hex characters

Last Sync: 24/11/2018 @ 6:30:39
[object Object]
CastError: Cast to ObjectId failed for value "dfsdvsddsvd" at path "_id" for model "Todos"

Last Sync: 24/11/2018 @ 6:31:53
{"_id":"ydogm","username":"test","todo":"The lion of the trib of Judia is my dad ","isDone":false,"hasAttachment":false,"__v":0}
CastError: Cast to ObjectId failed for value "ydogm" at path "_id" for model "Todos"

Last Sync: 24/11/2018 @ 6:31:53
{}
Error: Argument passed in must be a single String of 12 bytes or a string of 24 hex characters

Last Sync: 24/11/2018 @ 6:31:53
{"_id":"dfsdvsddsvd"}
CastError: Cast to ObjectId failed for value "dfsdvsddsvd" at path "_id" for model "Todos"

Last Sync: 24/11/2018 @ 6:32:11
{"_id":"HPF2x","username":"test","todo":"The lion of the trib of Judia is my dad ","isDone":false,"hasAttachment":false,"__v":0}
CastError: Cast to ObjectId failed for value "HPF2x" at path "_id" for model "Todos"

Last Sync: 24/11/2018 @ 6:32:11
{}
Error: Argument passed in must be a single String of 12 bytes or a string of 24 hex characters

Last Sync: 24/11/2018 @ 6:32:11
{"_id":"dfsdvsddsvd"}
CastError: Cast to ObjectId failed for value "dfsdvsddsvd" at path "_id" for model "Todos"

Last Sync: 24/11/2018 @ 6:33:29
{"_id":"RTeld","username":"test","todo":"The lion of the trib of Judia is my dad ","isDone":false,"hasAttachment":false,"__v":0}
CastError: Cast to ObjectId failed for value "RTeld" at path "_id" for model "Todos"

Last Sync: 24/11/2018 @ 6:33:29
{}
Error: Argument passed in must be a single String of 12 bytes or a string of 24 hex characters

Last Sync: 24/11/2018 @ 6:33:29
{"_id":"dfsdvsddsvd"}
CastError: Cast to ObjectId failed for value "dfsdvsddsvd" at path "_id" for model "Todos"